<?xml version="1.0" encoding="UTF-8"?>
<!-- Generated by org.testng.reporters.JUnitReportReporter -->
<testsuite hostname="LAPTOP-2OS39L3B" failures="0" tests="1" name="test.TestNg" time="0.006" errors="0" timestamp="2024-11-09T18:57:06 IST" skipped="0">
  <testcase classname="test.TestNg" name="runTest" time="0.006"/>
  <system-out/>
</testsuite> <!-- test.TestNg -->
